<?xml version="1.0" encoding="UTF-8"?>
<testsuite xmlns:xsi="http://www.w3.org/2001/XMLSchema-instance" xsi:noNamespaceSchemaLocation="https://maven.apache.org/surefire/maven-surefire-plugin/xsd/surefire-test-report.xsd" name="uvsq21921354.AppTest" time="0.051" tests="1" errors="0" skipped="0" failures="0">
  <properties>
    <property name="sun.desktop" value="gnome"/>
    <property name="awt.toolkit" value="sun.awt.X11.XToolkit"/>
    <property name="file.encoding.pkg" value="sun.io"/>
    <property name="java.specification.version" value="1.8"/>
    <property name="sun.cpu.isalist" value=""/>
    <property name="sun.jnu.encoding" value="UTF-8"/>
    <property name="java.class.path" value="/home/traore-mousso/Bureau/TP_GL/pglp_5.2/target/test-classes:/home/traore-mousso/Bureau/TP_GL/pglp_5.2/target/classes:/home/traore-mousso/.m2/repository/junit/junit/4.12/junit-4.12.jar:/home/traore-mousso/.m2/repository/org/hamcrest/hamcrest-core/1.3/hamcrest-core-1.3.jar:/home/traore-mousso/.m2/repository/com/github/spotbugs/spotbugs/4.0.1/spotbugs-4.0.1.jar:/home/traore-mousso/.m2/repository/org/ow2/asm/asm/7.3.1/asm-7.3.1.jar:/home/traore-mousso/.m2/repository/org/ow2/asm/asm-analysis/7.3.1/asm-analysis-7.3.1.jar:/home/traore-mousso/.m2/repository/org/ow2/asm/asm-commons/7.3.1/asm-commons-7.3.1.jar:/home/traore-mousso/.m2/repository/org/ow2/asm/asm-tree/7.3.1/asm-tree-7.3.1.jar:/home/traore-mousso/.m2/repository/org/ow2/asm/asm-util/7.3.1/asm-util-7.3.1.jar:/home/traore-mousso/.m2/repository/org/apache/bcel/bcel/6.4.1/bcel-6.4.1.jar:/home/traore-mousso/.m2/repository/net/jcip/jcip-annotations/1.0/jcip-annotations-1.0.jar:/home/traore-mousso/.m2/repository/org/dom4j/dom4j/2.1.1/dom4j-2.1.1.jar:/home/traore-mousso/.m2/repository/commons-lang/commons-lang/2.6/commons-lang-2.6.jar:/home/traore-mousso/.m2/repository/org/slf4j/slf4j-api/1.8.0-beta4/slf4j-api-1.8.0-beta4.jar:/home/traore-mousso/.m2/repository/com/github/spotbugs/spotbugs-annotations/4.0.1/spotbugs-annotations-4.0.1.jar:/home/traore-mousso/.m2/repository/com/google/code/findbugs/jsr305/3.0.2/jsr305-3.0.2.jar:/home/traore-mousso/.m2/repository/jaxen/jaxen/1.1.6/jaxen-1.1.6.jar:/home/traore-mousso/.m2/repository/net/sf/saxon/Saxon-HE/9.9.1-2/Saxon-HE-9.9.1-2.jar:/home/traore-mousso/.m2/repository/com/ibm/icu/icu4j/63.1/icu4j-63.1.jar:"/>
    <property name="java.vm.vendor" value="Private Build"/>
    <property name="sun.arch.data.model" value="64"/>
    <property name="java.vendor.url" value="http://java.oracle.com/"/>
    <property name="user.timezone" value=""/>
    <property name="java.vm.specification.version" value="1.8"/>
    <property name="os.name" value="Linux"/>
    <property name="user.country" value="FR"/>
    <property name="sun.java.launcher" value="SUN_STANDARD"/>
    <property name="sun.boot.library.path" value="/usr/lib/jvm/java-8-openjdk-amd64/jre/lib/amd64"/>
    <property name="sun.java.command" value="/home/traore-mousso/Bureau/TP_GL/pglp_5.2/target/surefire/surefirebooter5051876882937520067.jar /home/traore-mousso/Bureau/TP_GL/pglp_5.2/target/surefire 2020-04-15T18-00-55_980-jvmRun1 surefire4588175176273538185tmp surefire_02052065091669466194tmp"/>
    <property name="surefire.test.class.path" value="/home/traore-mousso/Bureau/TP_GL/pglp_5.2/target/test-classes:/home/traore-mousso/Bureau/TP_GL/pglp_5.2/target/classes:/home/traore-mousso/.m2/repository/junit/junit/4.12/junit-4.12.jar:/home/traore-mousso/.m2/repository/org/hamcrest/hamcrest-core/1.3/hamcrest-core-1.3.jar:/home/traore-mousso/.m2/repository/com/github/spotbugs/spotbugs/4.0.1/spotbugs-4.0.1.jar:/home/traore-mousso/.m2/repository/org/ow2/asm/asm/7.3.1/asm-7.3.1.jar:/home/traore-mousso/.m2/repository/org/ow2/asm/asm-analysis/7.3.1/asm-analysis-7.3.1.jar:/home/traore-mousso/.m2/repository/org/ow2/asm/asm-commons/7.3.1/asm-commons-7.3.1.jar:/home/traore-mousso/.m2/repository/org/ow2/asm/asm-tree/7.3.1/asm-tree-7.3.1.jar:/home/traore-mousso/.m2/repository/org/ow2/asm/asm-util/7.3.1/asm-util-7.3.1.jar:/home/traore-mousso/.m2/repository/org/apache/bcel/bcel/6.4.1/bcel-6.4.1.jar:/home/traore-mousso/.m2/repository/net/jcip/jcip-annotations/1.0/jcip-annotations-1.0.jar:/home/traore-mousso/.m2/repository/org/dom4j/dom4j/2.1.1/dom4j-2.1.1.jar:/home/traore-mousso/.m2/repository/commons-lang/commons-lang/2.6/commons-lang-2.6.jar:/home/traore-mousso/.m2/repository/org/slf4j/slf4j-api/1.8.0-beta4/slf4j-api-1.8.0-beta4.jar:/home/traore-mousso/.m2/repository/com/github/spotbugs/spotbugs-annotations/4.0.1/spotbugs-annotations-4.0.1.jar:/home/traore-mousso/.m2/repository/com/google/code/findbugs/jsr305/3.0.2/jsr305-3.0.2.jar:/home/traore-mousso/.m2/repository/jaxen/jaxen/1.1.6/jaxen-1.1.6.jar:/home/traore-mousso/.m2/repository/net/sf/saxon/Saxon-HE/9.9.1-2/Saxon-HE-9.9.1-2.jar:/home/traore-mousso/.m2/repository/com/ibm/icu/icu4j/63.1/icu4j-63.1.jar:"/>
    <property name="sun.cpu.endian" value="little"/>
    <property name="user.home" value="/home/traore-mousso"/>
    <property name="user.language" value="fr"/>
    <property name="java.specification.vendor" value="Oracle Corporation"/>
    <property name="java.home" value="/usr/lib/jvm/java-8-openjdk-amd64/jre"/>
    <property name="basedir" value="/home/traore-mousso/Bureau/TP_GL/pglp_5.2"/>
    <property name="file.separator" value="/"/>
    <property name="line.separator" value="&#10;"/>
    <property name="java.vm.specification.vendor" value="Oracle Corporation"/>
    <property name="java.specification.name" value="Java Platform API Specification"/>
    <property name="java.awt.graphicsenv" value="sun.awt.X11GraphicsEnvironment"/>
    <property name="surefire.real.class.path" value="/home/traore-mousso/Bureau/TP_GL/pglp_5.2/target/surefire/surefirebooter5051876882937520067.jar"/>
    <property name="sun.boot.class.path" value="/usr/lib/jvm/java-8-openjdk-amd64/jre/lib/resources.jar:/usr/lib/jvm/java-8-openjdk-amd64/jre/lib/rt.jar:/usr/lib/jvm/java-8-openjdk-amd64/jre/lib/sunrsasign.jar:/usr/lib/jvm/java-8-openjdk-amd64/jre/lib/jsse.jar:/usr/lib/jvm/java-8-openjdk-amd64/jre/lib/jce.jar:/usr/lib/jvm/java-8-openjdk-amd64/jre/lib/charsets.jar:/usr/lib/jvm/java-8-openjdk-amd64/jre/lib/jfr.jar:/usr/lib/jvm/java-8-openjdk-amd64/jre/classes"/>
    <property name="sun.management.compiler" value="HotSpot 64-Bit Tiered Compilers"/>
    <property name="java.runtime.version" value="1.8.0_242-8u242-b08-0ubuntu3~18.04-b08"/>
    <property name="user.name" value="traore-mousso"/>
    <property name="path.separator" value=":"/>
    <property name="os.version" value="5.3.0-40-generic"/>
    <property name="java.endorsed.dirs" value="/usr/lib/jvm/java-8-openjdk-amd64/jre/lib/endorsed"/>
    <property name="java.runtime.name" value="OpenJDK Runtime Environment"/>
    <property name="file.encoding" value="UTF-8"/>
    <property name="java.vm.name" value="OpenJDK 64-Bit Server VM"/>
    <property name="localRepository" value="/home/traore-mousso/.m2/repository"/>
    <property name="java.vendor.url.bug" value="http://bugreport.sun.com/bugreport/"/>
    <property name="java.io.tmpdir" value="/tmp"/>
    <property name="java.version" value="1.8.0_242"/>
    <property name="user.dir" value="/home/traore-mousso/Bureau/TP_GL/pglp_5.2"/>
    <property name="os.arch" value="amd64"/>
    <property name="java.vm.specification.name" value="Java Virtual Machine Specification"/>
    <property name="java.awt.printerjob" value="sun.print.PSPrinterJob"/>
    <property name="sun.os.patch.level" value="unknown"/>
    <property name="java.library.path" value="/usr/java/packages/lib/amd64:/usr/lib/x86_64-linux-gnu/jni:/lib/x86_64-linux-gnu:/usr/lib/x86_64-linux-gnu:/usr/lib/jni:/lib:/usr/lib"/>
    <property name="java.vm.info" value="mixed mode"/>
    <property name="java.vendor" value="Private Build"/>
    <property name="java.vm.version" value="25.242-b08"/>
    <property name="java.ext.dirs" value="/usr/lib/jvm/java-8-openjdk-amd64/jre/lib/ext:/usr/java/packages/lib/ext"/>
    <property name="sun.io.unicode.encoding" value="UnicodeLittle"/>
    <property name="java.class.version" value="52.0"/>
  </properties>
  <testcase name="testApp" classname="uvsq21921354.AppTest" time="0.003"/>
</testsuite>